This file contains any messages produced by compilers while
running configure, to aid debugging if configure makes a mistake.

It was created by sld-res configure 0.1, which was
generated by GNU Autoconf 2.61.  Invocation command line was

  $ ./configure 

## --------- ##
## Platform. ##
## --------- ##

hostname = debian
uname -m = i686
uname -r = 2.6.24-1-686
uname -s = Linux
uname -v = #1 SMP Thu May 8 02:16:39 UTC 2008

/usr/bin/uname -p = unknown
/bin/uname -X     = unknown

/bin/arch              = unknown
/usr/bin/arch -k       = unknown
/usr/convex/getsysinfo = unknown
/usr/bin/hostinfo      = unknown
/bin/machine           = unknown
/usr/bin/oslevel       = unknown
/bin/universe          = unknown

PATH: /usr/local/bin
PATH: /usr/bin
PATH: /bin
PATH: /usr/games


## ----------- ##
## Core tests. ##
## ----------- ##

configure:1704: checking for a BSD-compatible install
configure:1760: result: /usr/bin/install -c
configure:1771: checking whether build environment is sane
configure:1814: result: yes
configure:1842: checking for a thread-safe mkdir -p
configure:1881: result: /bin/mkdir -p
configure:1894: checking for gawk
configure:1924: result: no
configure:1894: checking for mawk
configure:1910: found /usr/bin/mawk
configure:1921: result: mawk
configure:1932: checking whether make sets $(MAKE)
configure:1953: result: yes
configure:2144: checking for pkg-config
configure:2162: found /usr/bin/pkg-config
configure:2175: result: /usr/bin/pkg-config
configure:2247: checking for a BSD-compatible install
configure:2303: result: /usr/bin/install -c
configure:2317: checking for gmcs
configure:2335: found /usr/bin/gmcs
configure:2348: result: /usr/bin/gmcs
configure:2569: creating ./config.status

## ---------------------- ##
## Running config.status. ##
## ---------------------- ##

This file was extended by sld-res config.status 0.1, which was
generated by GNU Autoconf 2.61.  Invocation command line was

  CONFIG_FILES    = 
  CONFIG_HEADERS  = 
  CONFIG_LINKS    = 
  CONFIG_COMMANDS = 
  $ ./config.status 

on debian

config.status:601: creating Makefile
config.status:601: creating sld-res/Makefile
config.status:601: creating sldlib/Makefile
config.status:601: creating sldlib/sldlib.pc
config.status:601: creating sld-res/sld-res

## ---------------- ##
## Cache variables. ##
## ---------------- ##

ac_cv_env_build_alias_set=
ac_cv_env_build_alias_value=
ac_cv_env_host_alias_set=
ac_cv_env_host_alias_value=
ac_cv_env_target_alias_set=
ac_cv_env_target_alias_value=
ac_cv_path_GMCS=/usr/bin/gmcs
ac_cv_path_PKG_CONFIG=/usr/bin/pkg-config
ac_cv_path_install='/usr/bin/install -c'
ac_cv_path_mkdir=/bin/mkdir
ac_cv_prog_AWK=mawk
ac_cv_prog_make_make_set=yes

## ----------------- ##
## Output variables. ##
## ----------------- ##

ACLOCAL='${SHELL} /home/milosz/rezolucja/missing --run aclocal-1.10'
AMTAR='${SHELL} /home/milosz/rezolucja/missing --run tar'
AUTOCONF='${SHELL} /home/milosz/rezolucja/missing --run autoconf'
AUTOHEADER='${SHELL} /home/milosz/rezolucja/missing --run autoheader'
AUTOMAKE='${SHELL} /home/milosz/rezolucja/missing --run automake-1.10'
AWK='mawk'
CYGPATH_W='echo'
DEFS='-DPACKAGE_NAME=\"sld-res\" -DPACKAGE_TARNAME=\"sld-res\" -DPACKAGE_VERSION=\"0.1\" -DPACKAGE_STRING=\"sld-res\ 0.1\" -DPACKAGE_BUGREPORT=\"\" -DPACKAGE=\"sld-res\" -DVERSION=\"0.1\"'
ECHO_C=''
ECHO_N='-n'
ECHO_T=''
ENABLE_DEBUG_FALSE='#'
ENABLE_DEBUG_TRUE=''
ENABLE_RELEASE_FALSE=''
ENABLE_RELEASE_TRUE='#'
GMCS='/usr/bin/gmcs'
INSTALL_DATA='${INSTALL} -m 644'
INSTALL_PROGRAM='${INSTALL}'
INSTALL_SCRIPT='${INSTALL}'
INSTALL_STRIP_PROGRAM='$(install_sh) -c -s'
LIBOBJS=''
LIBS=''
LTLIBOBJS=''
MAKEINFO='${SHELL} /home/milosz/rezolucja/missing --run makeinfo'
PACKAGE='sld-res'
PACKAGE_BUGREPORT=''
PACKAGE_NAME='sld-res'
PACKAGE_STRING='sld-res 0.1'
PACKAGE_TARNAME='sld-res'
PACKAGE_VERSION='0.1'
PATH_SEPARATOR=':'
PKG_CONFIG='/usr/bin/pkg-config'
SET_MAKE=''
SHELL='/bin/sh'
STRIP=''
VERSION='0.1'
am__isrc=''
am__leading_dot='.'
am__tar='${AMTAR} chof - "$$tardir"'
am__untar='${AMTAR} xf -'
bindir='${exec_prefix}/bin'
build_alias=''
datadir='${datarootdir}'
datarootdir='${prefix}/share'
docdir='${datarootdir}/doc/${PACKAGE_TARNAME}'
dvidir='${docdir}'
exec_prefix='/usr/local'
expanded_bindir='/usr/local/bin'
expanded_datadir='/usr/local/share'
expanded_libdir='/usr/local/lib'
host_alias=''
htmldir='${docdir}'
includedir='${prefix}/include'
infodir='${datarootdir}/info'
install_sh='$(SHELL) /home/milosz/rezolucja/install-sh'
libdir='${exec_prefix}/lib'
libexecdir='${exec_prefix}/libexec'
localedir='${datarootdir}/locale'
localstatedir='${prefix}/var'
mandir='${datarootdir}/man'
mkdir_p='/bin/mkdir -p'
oldincludedir='/usr/include'
pdfdir='${docdir}'
prefix='/usr/local'
program_transform_name='s,x,x,'
psdir='${docdir}'
sbindir='${exec_prefix}/sbin'
sharedstatedir='${prefix}/com'
sysconfdir='${prefix}/etc'
target_alias=''

## ----------- ##
## confdefs.h. ##
## ----------- ##

#define PACKAGE_NAME "sld-res"
#define PACKAGE_TARNAME "sld-res"
#define PACKAGE_VERSION "0.1"
#define PACKAGE_STRING "sld-res 0.1"
#define PACKAGE_BUGREPORT ""
#define PACKAGE "sld-res"
#define VERSION "0.1"

configure: exit 0
